<?xml version="1.0" encoding="UTF-8"?>
<!-- Generated by org.testng.reporters.JUnitReportReporter -->
<testsuite hostname="Dell" failures="0" tests="1" name="ecom.tests.SubmitOrderTest" time="9.802" errors="0" timestamp="2025-10-16T22:38:21 IST" skipped="0">
  <testcase classname="ecom.tests.SubmitOrderTest" name="submitOrder" time="9.802"/>
</testsuite> <!-- ecom.tests.SubmitOrderTest -->
