<?xml version="1.0" encoding="UTF-8"?>
<!-- Generated by org.testng.reporters.JUnitReportReporter -->
<testsuite hostname="Dell" failures="0" tests="3" name="ecom.tests.SubmitOrderTest" time="20.679" errors="0" timestamp="2025-10-26T02:57:27 IST" skipped="0">
  <testcase classname="ecom.tests.SubmitOrderTest" name="submitOrder" time="7.301"/>
  <testcase classname="ecom.tests.SubmitOrderTest" name="submitOrder" time="7.384"/>
  <testcase classname="ecom.tests.SubmitOrderTest" name="orderHistoryTest" time="5.994"/>
</testsuite> <!-- ecom.tests.SubmitOrderTest -->
