<?xml version="1.0" encoding="UTF-8"?>
<!-- Generated by org.testng.reporters.JUnitReportReporter -->
<testsuite hostname="Dell" failures="0" tests="2" name="ecom.tests.SubmitOrderTest" time="15.401" errors="0" timestamp="2025-10-27T02:04:03 IST" skipped="0">
  <testcase classname="ecom.tests.SubmitOrderTest" name="submitOrder" time="9.016"/>
  <testcase classname="ecom.tests.SubmitOrderTest" name="submitOrder" time="6.385"/>
</testsuite> <!-- ecom.tests.SubmitOrderTest -->
