<?xml version="1.0" encoding="UTF-8"?>
<!-- Generated by org.testng.reporters.JUnitReportReporter -->
<testsuite hostname="Dell" failures="0" tests="1" name="ecom.tests.ErrorValidationTest" time="5.376" errors="0" timestamp="2025-10-27T02:10:04 IST" skipped="0">
  <testcase classname="ecom.tests.ErrorValidationTest" name="LoginErrorValidation" time="5.376"/>
</testsuite> <!-- ecom.tests.ErrorValidationTest -->
