<?xml version="1.0" encoding="UTF-8"?>
<!-- Generated by org.testng.reporters.JUnitReportReporter -->
<testsuite hostname="Dell" failures="0" tests="3" name="ecom.tests.SubmitOrderTest" time="19.417" errors="0" timestamp="2025-10-27T02:10:04 IST" skipped="0">
  <testcase classname="ecom.tests.SubmitOrderTest" name="orderHistoryTest" time="2.716"/>
  <testcase classname="ecom.tests.SubmitOrderTest" name="submitOrder" time="5.388"/>
  <testcase classname="ecom.tests.SubmitOrderTest" name="submitOrder" time="11.313"/>
</testsuite> <!-- ecom.tests.SubmitOrderTest -->
