<?xml version="1.0" encoding="UTF-8"?>
<!-- Generated by org.testng.reporters.JUnitReportReporter -->
<testsuite hostname="Dell" failures="0" tests="3" name="ecom.tests.SubmitOrderTest" time="15.847" errors="0" timestamp="2025-10-27T01:03:12 IST" skipped="0">
  <testcase classname="ecom.tests.SubmitOrderTest" name="orderHistoryTest" time="3.965"/>
  <testcase classname="ecom.tests.SubmitOrderTest" name="submitOrder" time="5.112"/>
  <testcase classname="ecom.tests.SubmitOrderTest" name="submitOrder" time="6.770"/>
</testsuite> <!-- ecom.tests.SubmitOrderTest -->
